[debug] [2023-12-04T15:31:06.200Z] ----------------------------------------------------------------------
[debug] [2023-12-04T15:31:06.206Z] Command:       C:\Program Files\nodejs\node.exe C:\Users\garwo\AppData\Roaming\npm\node_modules\firebase-tools\lib\bin\firebase.js deploy
[debug] [2023-12-04T15:31:06.208Z] CLI Version:   12.9.1
[debug] [2023-12-04T15:31:06.208Z] Platform:      win32
[debug] [2023-12-04T15:31:06.209Z] Node Version:  v18.18.0
[debug] [2023-12-04T15:31:06.211Z] Time:          Mon Dec 04 2023 10:31:06 GMT-0500 (Eastern Standard Time)
[debug] [2023-12-04T15:31:06.211Z] ----------------------------------------------------------------------
[debug] 
[debug] [2023-12-04T15:31:06.435Z] > command requires scopes: ["email","openid","https://www.googleapis.com/auth/cloudplatformprojects.readonly","https://www.googleapis.com/auth/firebase","https://www.googleapis.com/auth/cloud-platform"]
[debug] [2023-12-04T15:31:06.436Z] > authorizing via signed-in user (garwoodj22@gmail.com)
[debug] [2023-12-04T15:31:06.436Z] [iam] checking project final-proj-315 for permissions ["firebase.projects.get","firebasehosting.sites.update"]
[debug] [2023-12-04T15:31:06.439Z] >>> [apiv2][query] POST https://cloudresourcemanager.googleapis.com/v1/projects/final-proj-315:testIamPermissions [none]
[debug] [2023-12-04T15:31:06.439Z] >>> [apiv2][(partial)header] POST https://cloudresourcemanager.googleapis.com/v1/projects/final-proj-315:testIamPermissions x-goog-quota-user=projects/final-proj-315
[debug] [2023-12-04T15:31:06.439Z] >>> [apiv2][body] POST https://cloudresourcemanager.googleapis.com/v1/projects/final-proj-315:testIamPermissions {"permissions":["firebase.projects.get","firebasehosting.sites.update"]}
[debug] [2023-12-04T15:31:06.898Z] <<< [apiv2][status] POST https://cloudresourcemanager.googleapis.com/v1/projects/final-proj-315:testIamPermissions 200
[debug] [2023-12-04T15:31:06.898Z] <<< [apiv2][body] POST https://cloudresourcemanager.googleapis.com/v1/projects/final-proj-315:testIamPermissions {}
[debug] [2023-12-04T15:31:06.898Z] [iam] error while checking permissions, command may fail: FirebaseError: Authorization failed. This account is missing the following required permissions on project final-proj-315:

  firebase.projects.get
  firebasehosting.sites.update
[debug] [2023-12-04T15:31:06.900Z] >>> [apiv2][query] GET https://firebase.googleapis.com/v1beta1/projects/final-proj-315 [none]
[debug] [2023-12-04T15:31:07.440Z] <<< [apiv2][status] GET https://firebase.googleapis.com/v1beta1/projects/final-proj-315 403
[debug] [2023-12-04T15:31:07.440Z] <<< [apiv2][body] GET https://firebase.googleapis.com/v1beta1/projects/final-proj-315 {"error":{"code":403,"message":"The caller does not have permission","status":"PERMISSION_DENIED"}}
[debug] [2023-12-04T15:31:07.441Z] HTTP Error: 403, The caller does not have permission
[error] 
[error] Error: Assertion failed: resolving hosting target of a site with no site name or target name. This should have caused an error earlier
[debug] [2023-12-04T15:31:36.982Z] ----------------------------------------------------------------------
[debug] [2023-12-04T15:31:36.985Z] Command:       C:\Program Files\nodejs\node.exe C:\Users\garwo\AppData\Roaming\npm\node_modules\firebase-tools\lib\bin\firebase.js deploy
[debug] [2023-12-04T15:31:36.986Z] CLI Version:   12.9.1
[debug] [2023-12-04T15:31:36.987Z] Platform:      win32
[debug] [2023-12-04T15:31:36.987Z] Node Version:  v18.18.0
[debug] [2023-12-04T15:31:36.988Z] Time:          Mon Dec 04 2023 10:31:36 GMT-0500 (Eastern Standard Time)
[debug] [2023-12-04T15:31:36.989Z] ----------------------------------------------------------------------
[debug] 
[debug] [2023-12-04T15:31:37.153Z] > command requires scopes: ["email","openid","https://www.googleapis.com/auth/cloudplatformprojects.readonly","https://www.googleapis.com/auth/firebase","https://www.googleapis.com/auth/cloud-platform"]
[debug] [2023-12-04T15:31:37.154Z] > authorizing via signed-in user (garwoodj22@gmail.com)
[debug] [2023-12-04T15:31:37.155Z] [iam] checking project final-proj-315 for permissions ["firebase.projects.get","firebasehosting.sites.update"]
[debug] [2023-12-04T15:31:37.171Z] >>> [apiv2][query] POST https://cloudresourcemanager.googleapis.com/v1/projects/final-proj-315:testIamPermissions [none]
[debug] [2023-12-04T15:31:37.172Z] >>> [apiv2][(partial)header] POST https://cloudresourcemanager.googleapis.com/v1/projects/final-proj-315:testIamPermissions x-goog-quota-user=projects/final-proj-315
[debug] [2023-12-04T15:31:37.173Z] >>> [apiv2][body] POST https://cloudresourcemanager.googleapis.com/v1/projects/final-proj-315:testIamPermissions {"permissions":["firebase.projects.get","firebasehosting.sites.update"]}
[debug] [2023-12-04T15:31:37.588Z] <<< [apiv2][status] POST https://cloudresourcemanager.googleapis.com/v1/projects/final-proj-315:testIamPermissions 200
[debug] [2023-12-04T15:31:37.588Z] <<< [apiv2][body] POST https://cloudresourcemanager.googleapis.com/v1/projects/final-proj-315:testIamPermissions {}
[debug] [2023-12-04T15:31:37.589Z] [iam] error while checking permissions, command may fail: FirebaseError: Authorization failed. This account is missing the following required permissions on project final-proj-315:

  firebase.projects.get
  firebasehosting.sites.update
[debug] [2023-12-04T15:31:37.591Z] >>> [apiv2][query] GET https://firebase.googleapis.com/v1beta1/projects/final-proj-315 [none]
[debug] [2023-12-04T15:31:40.886Z] <<< [apiv2][status] GET https://firebase.googleapis.com/v1beta1/projects/final-proj-315 403
[debug] [2023-12-04T15:31:40.886Z] <<< [apiv2][body] GET https://firebase.googleapis.com/v1beta1/projects/final-proj-315 {"error":{"code":403,"message":"The caller does not have permission","status":"PERMISSION_DENIED"}}
[debug] [2023-12-04T15:31:40.887Z] HTTP Error: 403, The caller does not have permission
[error] 
[error] Error: Assertion failed: resolving hosting target of a site with no site name or target name. This should have caused an error earlier
